#    1 | steps:    22 | steps_t:     0 | t: 0.032203 | r:  -521.000000 | e:   1.000000 | Q:        nan | won: False 
#    2 | steps:    42 | steps_t:     0 | t: 0.057582 | r:  -519.000000 | e:   1.000000 | Q:        nan | won: False 
#    3 | steps:    87 | steps_t:     0 | t: 0.116549 | r:  -544.000000 | e:   1.000000 | Q:        nan | won: False 
#    4 | steps:   172 | steps_t:     0 | t: 0.249645 | r:  -584.000000 | e:   1.000000 | Q:        nan | won: False 
#    5 | steps:   188 | steps_t:     0 | t: 0.268260 | r:  -471.000000 | e:   1.000000 | Q:        nan | won: False 
#    6 | steps:   202 | steps_t:     0 | t: 0.283644 | r:  -513.000000 | e:   1.000000 | Q:        nan | won: False 
#    7 | steps:   210 | steps_t:     0 | t: 0.293575 | r:  -507.000000 | e:   1.000000 | Q:        nan | won: False 
#    8 | steps:   222 | steps_t:     0 | t: 0.308290 | r:  -511.000000 | e:   1.000000 | Q:        nan | won: False 
#    9 | steps:   244 | steps_t:     0 | t: 0.332911 | r:  -521.000000 | e:   1.000000 | Q:        nan | won: False 
#   10 | steps:   255 | steps_t:     0 | t: 0.345161 | r:  -510.000000 | e:   1.000000 | Q:        nan | won: False 
#   11 | steps:   269 | steps_t:     0 | t: 0.360585 | r:  -513.000000 | e:   1.000000 | Q:        nan | won: False 
#   12 | steps:   294 | steps_t:     0 | t: 0.389291 | r:  -524.000000 | e:   1.000000 | Q:        nan | won: False 
#   13 | steps:   304 | steps_t:     0 | t: 0.399541 | r:  -509.000000 | e:   1.000000 | Q:        nan | won: False 
#   14 | steps:   316 | steps_t:     0 | t: 0.412810 | r:  -511.000000 | e:   1.000000 | Q:        nan | won: False 
#   15 | steps:   344 | steps_t:     0 | t: 0.443716 | r:  -505.000000 | e:   1.000000 | Q:        nan | won: False 
#   16 | steps:   436 | steps_t:     0 | t: 0.550802 | r:  -591.000000 | e:   1.000000 | Q:        nan | won: False 
#   17 | steps:   445 | steps_t:     0 | t: 0.560523 | r:  -508.000000 | e:   1.000000 | Q:        nan | won: False 
#   18 | steps:   513 | steps_t:     0 | t: 0.639587 | r:  -516.000000 | e:   1.000000 | Q:        nan | won: False 
#   19 | steps:   545 | steps_t:     0 | t: 0.675808 | r:  -531.000000 | e:   1.000000 | Q:        nan | won: False 
#   20 | steps:   621 | steps_t:     0 | t: 0.762738 | r:  -575.000000 | e:   1.000000 | Q:        nan | won: False 
#   21 | steps:   638 | steps_t:     0 | t: 0.833292 | r:  -516.000000 | e:   1.000000 | Q:        nan | won: False 
#   22 | steps:   670 | steps_t:     0 | t: 0.872705 | r:  -531.000000 | e:   1.000000 | Q:        nan | won: False 
#   23 | steps:   704 | steps_t:     0 | t: 0.910733 | r:  -533.000000 | e:   1.000000 | Q:        nan | won: False 
#   24 | steps:   715 | steps_t:     0 | t: 0.922272 | r:  -510.000000 | e:   1.000000 | Q:        nan | won: False 
#   25 | steps:   787 | steps_t:     0 | t: 1.005727 | r:  -571.000000 | e:   1.000000 | Q:        nan | won: False 
#   26 | steps:   865 | steps_t:     0 | t: 1.094378 | r:  -442.000000 | e:   1.000000 | Q:        nan | won: False 
#   27 | steps:   905 | steps_t:     0 | t: 1.139523 | r:  -539.000000 | e:   1.000000 | Q:        nan | won: False 
#   28 | steps:   916 | steps_t:     0 | t: 1.152131 | r:  -510.000000 | e:   1.000000 | Q:        nan | won: False 
#   29 | steps:   929 | steps_t:     0 | t: 1.167069 | r:  -512.000000 | e:   1.000000 | Q:        nan | won: False 
#   30 | steps:   991 | steps_t:     0 | t: 1.237483 | r:  -510.000000 | e:   1.000000 | Q:        nan | won: False 
#   31 | steps:  1001 | steps_t:     0 | t: 1.247952 | r:  -509.000000 | e:   1.000000 | Q:        nan | won: False 
#   32 | steps:  1017 | steps_t:     0 | t: 1.265723 | r:  -515.000000 | e:   1.000000 | Q:        nan | won: False 
#   33 | steps:  1037 | steps_t:     0 | t: 1.287651 | r:  -519.000000 | e:   1.000000 | Q:        nan | won: False 
#   34 | steps:  1056 | steps_t:     0 | t: 1.309199 | r:  -518.000000 | e:   1.000000 | Q:        nan | won: False 
#   35 | steps:  1083 | steps_t:     0 | t: 1.338901 | r:  -504.000000 | e:   1.000000 | Q:        nan | won: False 
#   36 | steps:  1162 | steps_t:     0 | t: 1.427705 | r:  -512.000000 | e:   1.000000 | Q:        nan | won: False 
#   37 | steps:  1178 | steps_t:     0 | t: 1.446769 | r:  -515.000000 | e:   1.000000 | Q:        nan | won: False 
#   38 | steps:  1190 | steps_t:     0 | t: 1.460043 | r:  -511.000000 | e:   1.000000 | Q:        nan | won: False 
#   39 | steps:  1201 | steps_t:     0 | t: 1.472075 | r:  -510.000000 | e:   1.000000 | Q:        nan | won: False 
#   40 | steps:  1238 | steps_t:     0 | t: 1.515232 | r:  -503.000000 | e:   1.000000 | Q:        nan | won: False 
#   41 | steps:  1277 | steps_t:     0 | t: 1.558468 | r:  -538.000000 | e:   1.000000 | Q:        nan | won: False 
#   42 | steps:  1307 | steps_t:     0 | t: 1.592123 | r:  -507.000000 | e:   1.000000 | Q:        nan | won: False 
#   43 | steps:  1360 | steps_t:     0 | t: 1.652140 | r:  -552.000000 | e:   1.000000 | Q:        nan | won: False 
#   44 | steps:  1412 | steps_t:     0 | t: 1.711300 | r:  -540.000000 | e:   1.000000 | Q:        nan | won: False 
#   45 | steps:  1429 | steps_t:     0 | t: 1.730163 | r:  -516.000000 | e:   1.000000 | Q:        nan | won: False 
#   46 | steps:  1441 | steps_t:     0 | t: 1.742960 | r:  -511.000000 | e:   1.000000 | Q:        nan | won: False 
#   47 | steps:  1457 | steps_t:     0 | t: 1.761412 | r:  -515.000000 | e:   1.000000 | Q:        nan | won: False 
#   48 | steps:  1477 | steps_t:     0 | t: 1.784342 | r:  -519.000000 | e:   1.000000 | Q:        nan | won: False 
#   49 | steps:  1488 | steps_t:     0 | t: 1.796490 | r:  -510.000000 | e:   1.000000 | Q:        nan | won: False 
#   50 | steps:  1516 | steps_t:     0 | t: 1.828201 | r:  -527.000000 | e:   1.000000 | Q:        nan | won: False 
#   51 | steps:  1530 | steps_t:     0 | t: 1.843323 | r:  -513.000000 | e:   1.000000 | Q:        nan | won: False 
#   52 | steps:  1542 | steps_t:     0 | t: 1.856310 | r:  -489.000000 | e:   1.000000 | Q:        nan | won: False 
#   53 | steps:  1555 | steps_t:     0 | t: 1.870631 | r:  -512.000000 | e:   1.000000 | Q:        nan | won: False 
#   54 | steps:  1577 | steps_t:     0 | t: 1.895357 | r:  -499.000000 | e:   1.000000 | Q:        nan | won: False 
#   55 | steps:  1592 | steps_t:     0 | t: 1.912003 | r:  -514.000000 | e:   1.000000 | Q:        nan | won: False 
#   56 | steps:  1611 | steps_t:     0 | t: 1.934057 | r:  -518.000000 | e:   1.000000 | Q:        nan | won: False 
#   57 | steps:  1622 | steps_t:     0 | t: 1.946954 | r:  -510.000000 | e:   1.000000 | Q:        nan | won: False 
#   58 | steps:  1644 | steps_t:     0 | t: 1.971196 | r:  -510.000000 | e:   1.000000 | Q:        nan | won: False 
#   59 | steps:  1735 | steps_t:     0 | t: 2.081986 | r:  -590.000000 | e:   1.000000 | Q:        nan | won: False 
#   60 | steps:  1759 | steps_t:     0 | t: 2.112181 | r:  -523.000000 | e:   1.000000 | Q:        nan | won: False 
#   61 | steps:  1824 | steps_t:     0 | t: 2.197420 | r:  -509.000000 | e:   1.000000 | Q:        nan | won: False 
#   62 | steps:  1834 | steps_t:     0 | t: 2.209634 | r:  -509.000000 | e:   1.000000 | Q:        nan | won: False 
#   63 | steps:  1930 | steps_t:     0 | t: 2.323089 | r:  -544.000000 | e:   1.000000 | Q:        nan | won: False 
#   64 | steps:  1940 | steps_t:     0 | t: 2.333869 | r:  -509.000000 | e:   1.000000 | Q:        nan | won: False 
#   65 | steps:  1951 | steps_t:     0 | t: 2.345668 | r:  -510.000000 | e:   1.000000 | Q:        nan | won: False 
#   66 | steps:  2010 | steps_t:     0 | t: 2.474794 | r:  -463.000000 | e:   1.000000 | Q:        nan | won: False 
#   67 | steps:  2030 | steps_t:     0 | t: 2.497018 | r:  -519.000000 | e:   1.000000 | Q:        nan | won: False 
#   68 | steps:  2052 | steps_t:     0 | t: 2.521337 | r:  -510.000000 | e:   1.000000 | Q:        nan | won: False 
#   69 | steps:  2136 | steps_t:     0 | t: 2.624079 | r:  -583.000000 | e:   1.000000 | Q:        nan | won: False 
#   70 | steps:  2159 | steps_t:     0 | t: 2.650075 | r:  -522.000000 | e:   1.000000 | Q:        nan | won: False 
#   71 | steps:  2169 | steps_t:     0 | t: 2.661166 | r:  -509.000000 | e:   1.000000 | Q:        nan | won: False 
#   72 | steps:  2177 | steps_t:     0 | t: 2.669394 | r:  -507.000000 | e:   1.000000 | Q:        nan | won: False 
#   73 | steps:  2189 | steps_t:     0 | t: 2.682894 | r:  -511.000000 | e:   1.000000 | Q:        nan | won: False 
#   74 | steps:  2215 | steps_t:     0 | t: 2.714097 | r:  -525.000000 | e:   1.000000 | Q:        nan | won: False 
#   75 | steps:  2229 | steps_t:     0 | t: 2.730683 | r:  -513.000000 | e:   1.000000 | Q:        nan | won: False 
#   76 | steps:  2271 | steps_t:     0 | t: 2.783150 | r:  -541.000000 | e:   1.000000 | Q:        nan | won: False 
#   77 | steps:  2292 | steps_t:     0 | t: 2.810040 | r:  -509.000000 | e:   1.000000 | Q:        nan | won: False 
#   78 | steps:  2304 | steps_t:     0 | t: 2.824500 | r:  -511.000000 | e:   1.000000 | Q:        nan | won: False 
#   79 | steps:  2312 | steps_t:     0 | t: 2.834131 | r:  -474.000000 | e:   1.000000 | Q:        nan | won: False 
#   80 | steps:  2325 | steps_t:     0 | t: 2.850330 | r:  -512.000000 | e:   1.000000 | Q:        nan | won: False 
#   81 | steps:  2343 | steps_t:     0 | t: 2.873369 | r:  -517.000000 | e:   1.000000 | Q:        nan | won: False 
#   82 | steps:  2355 | steps_t:     0 | t: 2.888149 | r:  -511.000000 | e:   1.000000 | Q:        nan | won: False 
#   83 | steps:  2375 | steps_t:     0 | t: 2.913892 | r:  -519.000000 | e:   1.000000 | Q:        nan | won: False 
#   84 | steps:  2428 | steps_t:     0 | t: 2.979373 | r:  -552.000000 | e:   1.000000 | Q:        nan | won: False 
#   85 | steps:  2442 | steps_t:     0 | t: 2.996501 | r:  -513.000000 | e:   1.000000 | Q:        nan | won: False 
#   86 | steps:  2458 | steps_t:     0 | t: 3.016020 | r:  -515.000000 | e:   1.000000 | Q:        nan | won: False 
#   87 | steps:  2485 | steps_t:     0 | t: 3.048826 | r:  -526.000000 | e:   1.000000 | Q:        nan | won: False 
#   88 | steps:  2507 | steps_t:     0 | t: 3.075848 | r:  -499.000000 | e:   1.000000 | Q:        nan | won: False 
#   89 | steps:  2521 | steps_t:     0 | t: 3.093045 | r:  -513.000000 | e:   1.000000 | Q:        nan | won: False 
#   90 | steps:  2532 | steps_t:     0 | t: 3.106388 | r:  -510.000000 | e:   1.000000 | Q:        nan | won: False 
#   91 | steps:  2586 | steps_t:     0 | t: 3.175445 | r:  -451.000000 | e:   1.000000 | Q:        nan | won: False 
#   92 | steps:  2607 | steps_t:     0 | t: 3.202485 | r:  -520.000000 | e:   1.000000 | Q:        nan | won: False 
#   93 | steps:  2625 | steps_t:     0 | t: 3.226805 | r:  -484.000000 | e:   1.000000 | Q:        nan | won: False 
#   94 | steps:  2635 | steps_t:     0 | t: 3.238992 | r:  -509.000000 | e:   1.000000 | Q:        nan | won: False 
#   95 | steps:  2649 | steps_t:     0 | t: 3.256079 | r:  -513.000000 | e:   1.000000 | Q:        nan | won: False 
#   96 | steps:  2704 | steps_t:     0 | t: 3.323361 | r:  -448.000000 | e:   1.000000 | Q:        nan | won: False 
#   97 | steps:  2714 | steps_t:     0 | t: 3.334852 | r:  -509.000000 | e:   1.000000 | Q:        nan | won: False 
#   98 | steps:  2728 | steps_t:     0 | t: 3.350313 | r:  -513.000000 | e:   1.000000 | Q:        nan | won: False 
#   99 | steps:  2756 | steps_t:     0 | t: 3.386256 | r:  -527.000000 | e:   1.000000 | Q:        nan | won: False 
#  100 | steps:  2771 | steps_t:     0 | t: 3.405071 | r:  -514.000000 | e:   1.000000 | Q:        nan | won: False 
