#    1 | steps:    15 | steps_t:     0 | t: 0.021690 | r:  -514.000000 | e:   1.000000 | Q:        nan | won: False 
#    2 | steps:    32 | steps_t:     0 | t: 0.039748 | r:  -516.000000 | e:   1.000000 | Q:        nan | won: False 
#    3 | steps:    43 | steps_t:     0 | t: 0.051788 | r:  -499.000000 | e:   1.000000 | Q:        nan | won: False 
#    4 | steps:    53 | steps_t:     0 | t: 0.062244 | r:  -509.000000 | e:   1.000000 | Q:        nan | won: False 
#    5 | steps:    78 | steps_t:     0 | t: 0.090993 | r:  -524.000000 | e:   1.000000 | Q:        nan | won: False 
#    6 | steps:    98 | steps_t:     0 | t: 0.113089 | r:  -519.000000 | e:   1.000000 | Q:        nan | won: False 
#    7 | steps:   136 | steps_t:     0 | t: 0.155210 | r:  -515.000000 | e:   1.000000 | Q:        nan | won: False 
#    8 | steps:   154 | steps_t:     0 | t: 0.174660 | r:  -517.000000 | e:   1.000000 | Q:        nan | won: False 
#    9 | steps:   164 | steps_t:     0 | t: 0.185028 | r:  -509.000000 | e:   1.000000 | Q:        nan | won: False 
#   10 | steps:   177 | steps_t:     0 | t: 0.198767 | r:  -512.000000 | e:   1.000000 | Q:        nan | won: False 
#   11 | steps:   189 | steps_t:     0 | t: 0.211510 | r:  -511.000000 | e:   1.000000 | Q:        nan | won: False 
#   12 | steps:   200 | steps_t:     0 | t: 0.223693 | r:  -510.000000 | e:   1.000000 | Q:        nan | won: False 
#   13 | steps:   211 | steps_t:     0 | t: 0.235695 | r:  -510.000000 | e:   1.000000 | Q:        nan | won: False 
#   14 | steps:   244 | steps_t:     0 | t: 0.273009 | r:  -488.000000 | e:   1.000000 | Q:        nan | won: False 
#   15 | steps:   257 | steps_t:     0 | t: 0.288468 | r:  -512.000000 | e:   1.000000 | Q:        nan | won: False 
#   16 | steps:   276 | steps_t:     0 | t: 0.310160 | r:  -518.000000 | e:   1.000000 | Q:        nan | won: False 
#   17 | steps:   287 | steps_t:     0 | t: 0.322334 | r:  -510.000000 | e:   1.000000 | Q:        nan | won: False 
#   18 | steps:   331 | steps_t:     0 | t: 0.375307 | r:  -488.000000 | e:   1.000000 | Q:        nan | won: False 
#   19 | steps:   341 | steps_t:     0 | t: 0.386390 | r:  -509.000000 | e:   1.000000 | Q:        nan | won: False 
#   20 | steps:   359 | steps_t:     0 | t: 0.406793 | r:  -517.000000 | e:   1.000000 | Q:        nan | won: False 
#   21 | steps:   371 | steps_t:     0 | t: 0.421445 | r:  -511.000000 | e:   1.000000 | Q:        nan | won: False 
#   22 | steps:   381 | steps_t:     0 | t: 0.432705 | r:  -509.000000 | e:   1.000000 | Q:        nan | won: False 
#   23 | steps:   396 | steps_t:     0 | t: 0.449858 | r:  -514.000000 | e:   1.000000 | Q:        nan | won: False 
#   24 | steps:   426 | steps_t:     0 | t: 0.486457 | r:  -529.000000 | e:   1.000000 | Q:        nan | won: False 
#   25 | steps:   453 | steps_t:     0 | t: 0.518687 | r:  -526.000000 | e:   1.000000 | Q:        nan | won: False 
#   26 | steps:   474 | steps_t:     0 | t: 0.544590 | r:  -520.000000 | e:   1.000000 | Q:        nan | won: False 
#   27 | steps:   536 | steps_t:     0 | t: 0.616745 | r:  -561.000000 | e:   1.000000 | Q:        nan | won: False 
#   28 | steps:   560 | steps_t:     0 | t: 0.643186 | r:  -523.000000 | e:   1.000000 | Q:        nan | won: False 
#   29 | steps:   568 | steps_t:     0 | t: 0.652331 | r:  -507.000000 | e:   1.000000 | Q:        nan | won: False 
#   30 | steps:   581 | steps_t:     0 | t: 0.667260 | r:  -512.000000 | e:   1.000000 | Q:        nan | won: False 
#   31 | steps:   590 | steps_t:     0 | t: 0.676892 | r:  -486.000000 | e:   1.000000 | Q:        nan | won: False 
#   32 | steps:   614 | steps_t:     0 | t: 0.704549 | r:  -523.000000 | e:   1.000000 | Q:        nan | won: False 
#   33 | steps:   624 | steps_t:     0 | t: 0.714818 | r:  -509.000000 | e:   1.000000 | Q:        nan | won: False 
#   34 | steps:   635 | steps_t:     0 | t: 0.726058 | r:  -510.000000 | e:   1.000000 | Q:        nan | won: False 
#   35 | steps:   653 | steps_t:     0 | t: 0.746004 | r:  -517.000000 | e:   1.000000 | Q:        nan | won: False 
#   36 | steps:   731 | steps_t:     0 | t: 0.881026 | r:  -526.000000 | e:   1.000000 | Q:        nan | won: False 
#   37 | steps:   757 | steps_t:     0 | t: 0.913797 | r:  -525.000000 | e:   1.000000 | Q:        nan | won: False 
#   38 | steps:   778 | steps_t:     0 | t: 0.938581 | r:  -520.000000 | e:   1.000000 | Q:        nan | won: False 
#   39 | steps:   788 | steps_t:     0 | t: 0.949748 | r:  -509.000000 | e:   1.000000 | Q:        nan | won: False 
#   40 | steps:   819 | steps_t:     0 | t: 0.985895 | r:  -530.000000 | e:   1.000000 | Q:        nan | won: False 
#   41 | steps:   848 | steps_t:     0 | t: 1.019219 | r:  -528.000000 | e:   1.000000 | Q:        nan | won: False 
#   42 | steps:   863 | steps_t:     0 | t: 1.035959 | r:  -514.000000 | e:   1.000000 | Q:        nan | won: False 
#   43 | steps:   878 | steps_t:     0 | t: 1.052645 | r:  -514.000000 | e:   1.000000 | Q:        nan | won: False 
#   44 | steps:   892 | steps_t:     0 | t: 1.068580 | r:  -513.000000 | e:   1.000000 | Q:        nan | won: False 
#   45 | steps:   904 | steps_t:     0 | t: 1.081920 | r:  -511.000000 | e:   1.000000 | Q:        nan | won: False 
#   46 | steps:   929 | steps_t:     0 | t: 1.109621 | r:  -524.000000 | e:   1.000000 | Q:        nan | won: False 
#   47 | steps:   957 | steps_t:     0 | t: 1.141856 | r:  -527.000000 | e:   1.000000 | Q:        nan | won: False 
#   48 | steps:   981 | steps_t:     0 | t: 1.168039 | r:  -523.000000 | e:   1.000000 | Q:        nan | won: False 
#   49 | steps:  1009 | steps_t:     0 | t: 1.199523 | r:  -527.000000 | e:   1.000000 | Q:        nan | won: False 
#   50 | steps:  1026 | steps_t:     0 | t: 1.218369 | r:  -516.000000 | e:   1.000000 | Q:        nan | won: False 
#   51 | steps:  1035 | steps_t:     0 | t: 1.227924 | r:  -508.000000 | e:   1.000000 | Q:        nan | won: False 
#   52 | steps:  1083 | steps_t:     0 | t: 1.283881 | r:  -496.000000 | e:   1.000000 | Q:        nan | won: False 
#   53 | steps:  1149 | steps_t:     0 | t: 1.360190 | r:  -565.000000 | e:   1.000000 | Q:        nan | won: False 
#   54 | steps:  1159 | steps_t:     0 | t: 1.370962 | r:  -509.000000 | e:   1.000000 | Q:        nan | won: False 
#   55 | steps:  1182 | steps_t:     0 | t: 1.397353 | r:  -522.000000 | e:   1.000000 | Q:        nan | won: False 
#   56 | steps:  1215 | steps_t:     0 | t: 1.434372 | r:  -510.000000 | e:   1.000000 | Q:        nan | won: False 
#   57 | steps:  1235 | steps_t:     0 | t: 1.456535 | r:  -519.000000 | e:   1.000000 | Q:        nan | won: False 
#   58 | steps:  1299 | steps_t:     0 | t: 1.527972 | r:  -563.000000 | e:   1.000000 | Q:        nan | won: False 
#   59 | steps:  1312 | steps_t:     0 | t: 1.542297 | r:  -512.000000 | e:   1.000000 | Q:        nan | won: False 
#   60 | steps:  1335 | steps_t:     0 | t: 1.569084 | r:  -522.000000 | e:   1.000000 | Q:        nan | won: False 
#   61 | steps:  1359 | steps_t:     0 | t: 1.596672 | r:  -523.000000 | e:   1.000000 | Q:        nan | won: False 
#   62 | steps:  1467 | steps_t:     0 | t: 1.717566 | r:  -607.000000 | e:   1.000000 | Q:        nan | won: False 
#   63 | steps:  1480 | steps_t:     0 | t: 1.731322 | r:  -490.000000 | e:   1.000000 | Q:        nan | won: False 
#   64 | steps:  1510 | steps_t:     0 | t: 1.764505 | r:  -529.000000 | e:   1.000000 | Q:        nan | won: False 
#   65 | steps:  1533 | steps_t:     0 | t: 1.789755 | r:  -489.000000 | e:   1.000000 | Q:        nan | won: False 
#   66 | steps:  1543 | steps_t:     0 | t: 1.801566 | r:  -509.000000 | e:   1.000000 | Q:        nan | won: False 
#   67 | steps:  1558 | steps_t:     0 | t: 1.817541 | r:  -514.000000 | e:   1.000000 | Q:        nan | won: False 
#   68 | steps:  1573 | steps_t:     0 | t: 1.834172 | r:  -514.000000 | e:   1.000000 | Q:        nan | won: False 
#   69 | steps:  1631 | steps_t:     0 | t: 1.900484 | r:  -524.000000 | e:   1.000000 | Q:        nan | won: False 
#   70 | steps:  1644 | steps_t:     0 | t: 1.914702 | r:  -512.000000 | e:   1.000000 | Q:        nan | won: False 
#   71 | steps:  1655 | steps_t:     0 | t: 1.926715 | r:  -510.000000 | e:   1.000000 | Q:        nan | won: False 
#   72 | steps:  1732 | steps_t:     0 | t: 2.014472 | r:  -543.000000 | e:   1.000000 | Q:        nan | won: False 
#   73 | steps:  1747 | steps_t:     0 | t: 2.031245 | r:  -514.000000 | e:   1.000000 | Q:        nan | won: False 
#   74 | steps:  1754 | steps_t:     0 | t: 2.038813 | r:  -506.000000 | e:   1.000000 | Q:        nan | won: False 
#   75 | steps:  1769 | steps_t:     0 | t: 2.054745 | r:  -514.000000 | e:   1.000000 | Q:        nan | won: False 
#   76 | steps:  1791 | steps_t:     0 | t: 2.079496 | r:  -521.000000 | e:   1.000000 | Q:        nan | won: False 
#   77 | steps:  1834 | steps_t:     0 | t: 2.127398 | r:  -542.000000 | e:   1.000000 | Q:        nan | won: False 
#   78 | steps:  1903 | steps_t:     0 | t: 2.206232 | r:  -535.000000 | e:   1.000000 | Q:        nan | won: False 
#   79 | steps:  1958 | steps_t:     0 | t: 2.267487 | r:  -390.000000 | e:   1.000000 | Q:        nan | won: False 
#   80 | steps:  1970 | steps_t:     0 | t: 2.280456 | r:  -511.000000 | e:   1.000000 | Q:        nan | won: False 
#   81 | steps:  2024 | steps_t:     0 | t: 2.341649 | r:  -502.000000 | e:   1.000000 | Q:        nan | won: False 
#   82 | steps:  2037 | steps_t:     0 | t: 2.355816 | r:  -512.000000 | e:   1.000000 | Q:        nan | won: False 
#   83 | steps:  2059 | steps_t:     0 | t: 2.439863 | r:  -499.000000 | e:   1.000000 | Q:        nan | won: False 
#   84 | steps:  2077 | steps_t:     0 | t: 2.459323 | r:  -517.000000 | e:   1.000000 | Q:        nan | won: False 
#   85 | steps:  2135 | steps_t:     0 | t: 2.524500 | r:  -484.000000 | e:   1.000000 | Q:        nan | won: False 
#   86 | steps:  2147 | steps_t:     0 | t: 2.537554 | r:  -511.000000 | e:   1.000000 | Q:        nan | won: False 
#   87 | steps:  2176 | steps_t:     0 | t: 2.570395 | r:  -528.000000 | e:   1.000000 | Q:        nan | won: False 
#   88 | steps:  2188 | steps_t:     0 | t: 2.583148 | r:  -511.000000 | e:   1.000000 | Q:        nan | won: False 
#   89 | steps:  2203 | steps_t:     0 | t: 2.598813 | r:  -514.000000 | e:   1.000000 | Q:        nan | won: False 
#   90 | steps:  2249 | steps_t:     0 | t: 2.650507 | r:  -443.000000 | e:   1.000000 | Q:        nan | won: False 
#   91 | steps:  2280 | steps_t:     0 | t: 2.685363 | r:  -530.000000 | e:   1.000000 | Q:        nan | won: False 
#   92 | steps:  2298 | steps_t:     0 | t: 2.704568 | r:  -517.000000 | e:   1.000000 | Q:        nan | won: False 
#   93 | steps:  2307 | steps_t:     0 | t: 2.714733 | r:  -508.000000 | e:   1.000000 | Q:        nan | won: False 
#   94 | steps:  2389 | steps_t:     0 | t: 2.807539 | r:  -530.000000 | e:   1.000000 | Q:        nan | won: False 
#   95 | steps:  2406 | steps_t:     0 | t: 2.826991 | r:  -472.000000 | e:   1.000000 | Q:        nan | won: False 
#   96 | steps:  2426 | steps_t:     0 | t: 5.233196 | r:  -497.000000 | e:   1.000000 | Q:        nan | won: False 
#   97 | steps:  2434 | steps_t:     0 | t: 7.185048 | r:  -507.000000 | e:   1.000000 | Q:        nan | won: False 
#   98 | steps:  2443 | steps_t:     0 | t: 9.284773 | r:  -508.000000 | e:   1.000000 | Q:        nan | won: False 
#   99 | steps:  2461 | steps_t:     0 | t: 12.507203 | r:  -517.000000 | e:   1.000000 | Q:        nan | won: False 
#  100 | steps:  2470 | steps_t:     0 | t: 14.607341 | r:  -475.000000 | e:   1.000000 | Q:        nan | won: False 
